{"logTime": "0708/191004", "correlationVector":"VGj10vA4pUcOTnXXfZ037f.1","action":"SyncServerConnectionManagerRequest", "result":"SYNC_SERVER_OK", "context":{"environment":"Prod_WestEurope_000l", "migrationStage":"NotStarted", "server":"GENERAL0100001Z"}}
{"logTime": "0708/191006", "correlationVector":"VGj10vA4pUcOTnXXfZ037f.2","action":"AAD.Mip.Unpack", "result":"Success", "context":MIP_CLOUD_COMMERCIAL:Success}
{"logTime": "0708/191006", "correlationVector":"VGj10vA4pUcOTnXXfZ037f.3","action":"AAD.GetKeyResponse", "result":"Success", "context":Keys=4.LastKeyStatus=Normal. 2024-06-22 01:04:25 +03.State=None. Tags: Current_encryption_keys_tag = Oe+/vWfvv71UXO+/vVt877+9QExH77+90aPvv70JZs6Da++/vcK477+9D++/ve+/ve+/vQ9W, Updated_current_encryption_keys_tag = Empty}
{"logTime": "0708/191006", "correlationVector":"VGj10vA4pUcOTnXXfZ037f","action":"Initial GetUpdates", "result":"", "context":Reason: NEW_CLIENT. cV=VGj10vA4pUcOTnXXfZ037f}
{"logTime": "0708/191006", "correlationVector":"VGj10vA4pUcOTnXXfZ037f.4","action":"GetUpdates Response", "result":"Success", "context":Received 1 update(s). cV=VGj10vA4pUcOTnXXfZ037f.0;server=GENERAL0100001Z;cloudType=Multitenant;environment=Prod_WestEurope_000l;migrationStage=NotStarted}
{"logTime": "0708/191006", "correlationVector":"ofOHXx0fDagBSB29O8qDXO","action":"Initial GetUpdates", "result":"", "context":Reason: NEW_CLIENT. cV=ofOHXx0fDagBSB29O8qDXO}
{"logTime": "0708/191006", "correlationVector":"ofOHXx0fDagBSB29O8qDXO.1","action":"SyncServerConnectionManagerRequest", "result":"SYNC_SERVER_OK", "context":{"environment":"Prod_WestEurope_000l", "migrationStage":"NotStarted", "server":"GENERAL0100000H"}}
{"logTime": "0708/191006", "correlationVector":"ofOHXx0fDagBSB29O8qDXO.2","action":"GetUpdates Response", "result":"Success", "context":Received 13 update(s). cV=ofOHXx0fDagBSB29O8qDXO.0;server=GENERAL0100000H;cloudType=Multitenant;environment=Prod_WestEurope_000l;migrationStage=NotStarted}
{"logTime": "0708/191006", "correlationVector":"ucjmt2Ko4ypPsZbxwuIMOc","action":"Normal GetUpdate request", "result":"", "context":cV=ucjmt2Ko4ypPsZbxwuIMOc
Nudged types: Device Info, User Consents
Refresh requested types: Device Info, User Consents, Send Tab To Self, Encryption Keys}
{"logTime": "0708/191007", "correlationVector":"ucjmt2Ko4ypPsZbxwuIMOc.1","action":"SyncServerConnectionManagerRequest", "result":"SYNC_SERVER_OK", "context":{"environment":"Prod_WestEurope_000l", "migrationStage":"NotStarted", "server":"GENERAL01000011"}}
{"logTime": "0708/191007", "correlationVector":"ucjmt2Ko4ypPsZbxwuIMOc.2","action":"GetUpdates Response", "result":"Success", "context":Received 0 update(s). cV=ucjmt2Ko4ypPsZbxwuIMOc.0;server=GENERAL01000011;cloudType=Multitenant;environment=Prod_WestEurope_000l;migrationStage=NotStarted}
{"logTime": "0708/191007", "correlationVector":"nbCzzPPXeyzbnsS5xbbGTp","action":"Commit Request", "result":"", "context":Item count: 2
Contributing types: Device Info, User Consents}
{"logTime": "0708/191007", "correlationVector":"nbCzzPPXeyzbnsS5xbbGTp.1","action":"SyncServerConnectionManagerRequest", "result":"SYNC_SERVER_OK", "context":{"environment":"Prod_WestEurope_000l", "migrationStage":"NotStarted", "server":"GENERAL0100000V"}}
{"logTime": "0708/191007", "correlationVector":"nbCzzPPXeyzbnsS5xbbGTp.2","action":"Commit Response", "result":"Success", "context":Result: Success. cV=nbCzzPPXeyzbnsS5xbbGTp.0;server=GENERAL0100000V;cloudType=Multitenant;environment=Prod_WestEurope_000l;migrationStage=NotStarted}
{"logTime": "0708/191007", "correlationVector":"2ITD4kn+li9BHlTHShAYtv","action":"Normal GetUpdate request", "result":"", "context":cV=2ITD4kn+li9BHlTHShAYtv
Nudged types: Device Info}
{"logTime": "0708/191007", "correlationVector":"2ITD4kn+li9BHlTHShAYtv.1","action":"SyncServerConnectionManagerRequest", "result":"SYNC_SERVER_OK", "context":{"environment":"Prod_WestEurope_000l", "migrationStage":"NotStarted", "server":"GENERAL01000007"}}
{"logTime": "0708/191007", "correlationVector":"2ITD4kn+li9BHlTHShAYtv.2","action":"GetUpdates Response", "result":"Success", "context":Received 1 update(s). cV=2ITD4kn+li9BHlTHShAYtv.0;server=GENERAL01000007;cloudType=Multitenant;environment=Prod_WestEurope_000l;migrationStage=NotStarted}
{"logTime": "0708/200257", "correlationVector":"q1P1xMrg9nqlXQpdV9nGAg.1","action":"SyncServerConnectionManagerRequest", "result":"SYNC_SERVER_OK", "context":{"environment":"Prod_WestEurope_000l", "migrationStage":"NotStarted", "server":"GENERAL0100000J"}}
{"logTime": "0708/200257", "correlationVector":"q1P1xMrg9nqlXQpdV9nGAg.2","action":"AAD.Mip.Unpack", "result":"Success", "context":MIP_CLOUD_COMMERCIAL:Success}
{"logTime": "0708/200257", "correlationVector":"q1P1xMrg9nqlXQpdV9nGAg.3","action":"AAD.GetKeyResponse", "result":"Success", "context":Keys=4.LastKeyStatus=Normal. 2024-06-22 01:04:25 +03.State=None. Tags: Current_encryption_keys_tag = Oe+/vWfvv71UXO+/vVt877+9QExH77+90aPvv70JZs6Da++/vcK477+9D++/ve+/ve+/vQ9W, Updated_current_encryption_keys_tag = Empty}
{"logTime": "0708/200257", "correlationVector":"q1P1xMrg9nqlXQpdV9nGAg","action":"Initial GetUpdates", "result":"", "context":Reason: NEW_CLIENT. cV=q1P1xMrg9nqlXQpdV9nGAg}
{"logTime": "0708/200257", "correlationVector":"q1P1xMrg9nqlXQpdV9nGAg.4","action":"GetUpdates Response", "result":"Success", "context":Received 1 update(s). cV=q1P1xMrg9nqlXQpdV9nGAg.0;server=GENERAL0100000J;cloudType=Multitenant;environment=Prod_WestEurope_000l;migrationStage=NotStarted}
{"logTime": "0708/200257", "correlationVector":"htCcnyvgcaLBpyZ8DcfeEs","action":"Normal GetUpdate request", "result":"", "context":cV=htCcnyvgcaLBpyZ8DcfeEs
Refresh requested types: Device Info, User Consents, Send Tab To Self, Encryption Keys}
{"logTime": "0708/200257", "correlationVector":"htCcnyvgcaLBpyZ8DcfeEs.1","action":"SyncServerConnectionManagerRequest", "result":"SYNC_SERVER_OK", "context":{"environment":"Prod_WestEurope_000l", "migrationStage":"NotStarted", "server":"GENERAL0100000X"}}
{"logTime": "0708/200257", "correlationVector":"htCcnyvgcaLBpyZ8DcfeEs.2","action":"GetUpdates Response", "result":"Success", "context":Received 0 update(s). cV=htCcnyvgcaLBpyZ8DcfeEs.0;server=GENERAL0100000X;cloudType=Multitenant;environment=Prod_WestEurope_000l;migrationStage=NotStarted}
{"logTime": "0708/200407", "correlationVector":"+27YEwOWmoX2VyB20nufWx.1","action":"SyncServerConnectionManagerRequest", "result":"SYNC_SERVER_OK", "context":{"environment":"Prod_WestEurope_000l", "migrationStage":"NotStarted", "server":"GENERAL01000025"}}
{"logTime": "0708/200407", "correlationVector":"+27YEwOWmoX2VyB20nufWx.2","action":"AAD.Mip.Unpack", "result":"Success", "context":MIP_CLOUD_COMMERCIAL:Success}
{"logTime": "0708/200407", "correlationVector":"+27YEwOWmoX2VyB20nufWx.3","action":"AAD.GetKeyResponse", "result":"Success", "context":Keys=4.LastKeyStatus=Normal. 2024-06-22 01:04:25 +03.State=None. Tags: Current_encryption_keys_tag = Oe+/vWfvv71UXO+/vVt877+9QExH77+90aPvv70JZs6Da++/vcK477+9D++/ve+/ve+/vQ9W, Updated_current_encryption_keys_tag = Empty}
{"logTime": "0708/200407", "correlationVector":"+27YEwOWmoX2VyB20nufWx","action":"Initial GetUpdates", "result":"", "context":Reason: NEW_CLIENT. cV=+27YEwOWmoX2VyB20nufWx}
{"logTime": "0708/200407", "correlationVector":"+27YEwOWmoX2VyB20nufWx.4","action":"GetUpdates Response", "result":"Success", "context":Received 1 update(s). cV=+27YEwOWmoX2VyB20nufWx.0;server=GENERAL01000025;cloudType=Multitenant;environment=Prod_WestEurope_000l;migrationStage=NotStarted}
{"logTime": "0708/200407", "correlationVector":"Nkui2RpkPjHkZZUIaf8sDO","action":"Normal GetUpdate request", "result":"", "context":cV=Nkui2RpkPjHkZZUIaf8sDO
Refresh requested types: Device Info, User Consents, Send Tab To Self, Encryption Keys}
{"logTime": "0708/200407", "correlationVector":"Nkui2RpkPjHkZZUIaf8sDO.1","action":"SyncServerConnectionManagerRequest", "result":"SYNC_SERVER_OK", "context":{"environment":"Prod_WestEurope_000l", "migrationStage":"NotStarted", "server":"GENERAL01000008"}}
{"logTime": "0708/200407", "correlationVector":"Nkui2RpkPjHkZZUIaf8sDO.2","action":"GetUpdates Response", "result":"Success", "context":Received 0 update(s). cV=Nkui2RpkPjHkZZUIaf8sDO.0;server=GENERAL01000008;cloudType=Multitenant;environment=Prod_WestEurope_000l;migrationStage=NotStarted}
{"logTime": "0709/123123", "correlationVector":"kj/EvEbO0QLmXNPZaiXbLZ.1","action":"SyncServerConnectionManagerRequest", "result":"SYNC_SERVER_OK", "context":{"environment":"Prod_WestEurope_000l", "migrationStage":"NotStarted", "server":"GENERAL0100000J"}}
{"logTime": "0709/123141", "correlationVector":"kj/EvEbO0QLmXNPZaiXbLZ.2","action":"AAD.Mip.Unpack", "result":"Success", "context":MIP_CLOUD_COMMERCIAL:Success}
{"logTime": "0709/123141", "correlationVector":"kj/EvEbO0QLmXNPZaiXbLZ.3","action":"AAD.GetKeyResponse", "result":"Success", "context":Keys=4.LastKeyStatus=Normal. 2024-06-22 01:04:25 +03.State=None. Tags: Current_encryption_keys_tag = Oe+/vWfvv71UXO+/vVt877+9QExH77+90aPvv70JZs6Da++/vcK477+9D++/ve+/ve+/vQ9W, Updated_current_encryption_keys_tag = Empty}
{"logTime": "0709/123141", "correlationVector":"kj/EvEbO0QLmXNPZaiXbLZ","action":"Initial GetUpdates", "result":"", "context":Reason: NEW_CLIENT. cV=kj/EvEbO0QLmXNPZaiXbLZ}
{"logTime": "0709/123141", "correlationVector":"kj/EvEbO0QLmXNPZaiXbLZ.4","action":"GetUpdates Response", "result":"Success", "context":Received 1 update(s). cV=kj/EvEbO0QLmXNPZaiXbLZ.0;server=GENERAL0100000J;cloudType=Multitenant;environment=Prod_WestEurope_000l;migrationStage=NotStarted}
{"logTime": "0709/123141", "correlationVector":"S2ehTL3Z9ZrfaK+LlzAV6y","action":"Normal GetUpdate request", "result":"", "context":cV=S2ehTL3Z9ZrfaK+LlzAV6y
Refresh requested types: Device Info, User Consents, Send Tab To Self, Encryption Keys}
